<html>
<head>
<title>TestNG:  Default test</title>
<link href="../testng.css" rel="stylesheet" type="text/css" />
<link href="../my-testng.css" rel="stylesheet" type="text/css" />

<style type="text/css">
.log { display: none;} 
.stack-trace { display: none;} 
</style>
<script type="text/javascript">
<!--
function flip(e) {
  current = e.style.display;
  if (current == 'block') {
    e.style.display = 'none';
    return 0;
  }
  else {
    e.style.display = 'block';
    return 1;
  }
}

function toggleBox(szDivId, elem, msg1, msg2)
{
  var res = -1;  if (document.getElementById) {
    res = flip(document.getElementById(szDivId));
  }
  else if (document.all) {
    // this is the way old msie versions work
    res = flip(document.all[szDivId]);
  }
  if(elem) {
    if(res == 0) elem.innerHTML = msg1; else elem.innerHTML = msg2;
  }

}

function toggleAllBoxes() {
  if (document.getElementsByTagName) {
    d = document.getElementsByTagName('div');
    for (i = 0; i < d.length; i++) {
      if (d[i].className == 'log') {
        flip(d[i]);
      }
    }
  }
}

// -->
</script>

</head>
<body>
<h2 align='center'>Default test</h2><table border='1' align="center">
<tr>
<td>Tests passed/Failed/Skipped:</td><td>7/2/0</td>
</tr><tr>
<td>Started on:</td><td>Sun May 28 08:52:28 IST 2023</td>
</tr>
<tr><td>Total time:</td><td>125 seconds (125596 ms)</td>
</tr><tr>
<td>Included groups:</td><td></td>
</tr><tr>
<td>Excluded groups:</td><td></td>
</tr>
</table><p/>
<small><i>(Hover the method name to see the test class name)</i></small><p/>
<table width='100%' border='1' class='invocation-failed'>
<tr><td colspan='4' align='center'><b>FAILED TESTS</b></td></tr>
<tr><td><b>Test method</b></td>
<td width="30%"><b>Exception</b></td>
<td width="10%"><b>Time (seconds)</b></td>
<td><b>Instance</b></td>
</tr>
<tr>
<td title='runner.TestRunner.runScenario()'><b>runScenario</b><br>Test class: runner.TestRunner<br>Test method: Runs Cucumber Scenarios<br>Parameters: "Search Selenium 3.0 in Google search page", "Optional[Perform Google Search based on requirement]"</td>
<td><div><pre>java.lang.AssertionError: expected [Selenium 3.5 - Google Search] but found [Selenium 3.0 - Google Search]
	at org.testng.Assert.fail(Assert.java:94)
	at org.testng.Assert.failNotEquals(Assert.java:496)
	at org.testng.Assert.assertEquals(Assert.java:125)
	at org.testng.Assert.assertEquals(Assert.java:178)
	at org.testng.Assert.assertEquals(Assert.java:188)
	at stepdefinitions.TestGoogleSearch_StepDef.user_reached_to_search_result_page_with_the_title(TestGoogleSearch_StepDef.java:34)
	at ?.user reached to search result page with the title Selenium 3.5 - Google Search(file:///F:/GitAutomation/MorningBatch1/GitBDDMavenJenkinPageObject/src/test/resources/features/GoogleSearch.feature:6)
</pre></div><a href='#' onClick='toggleBox("stack-trace1703358554", this, "Click to show all stack frames", "Click to hide stack frames")'>Click to show all stack frames</a>
<div class='stack-trace' id='stack-trace1703358554'><pre>java.lang.AssertionError: expected [Selenium 3.5 - Google Search] but found [Selenium 3.0 - Google Search]
	at org.testng.Assert.fail(Assert.java:94)
	at org.testng.Assert.failNotEquals(Assert.java:496)
	at org.testng.Assert.assertEquals(Assert.java:125)
	at org.testng.Assert.assertEquals(Assert.java:178)
	at org.testng.Assert.assertEquals(Assert.java:188)
	at stepdefinitions.TestGoogleSearch_StepDef.user_reached_to_search_result_page_with_the_title(TestGoogleSearch_StepDef.java:34)
	at ?.user reached to search result page with the title Selenium 3.5 - Google Search(file:///F:/GitAutomation/MorningBatch1/GitBDDMavenJenkinPageObject/src/test/resources/features/GoogleSearch.feature:6)
</pre></div></td>
<td>9</td>
<td>runner.TestRunner@7ae0a9ec</td></tr>
<tr>
<td title='runner.TestRunner.runScenario()'><b>runScenario</b><br>Test class: runner.TestRunner<br>Test method: Runs Cucumber Scenarios<br>Parameters: "Verify PIM creation", "Optional[Test PIM functionality of OrangeHRM application]"</td>
<td><div><pre>java.lang.AssertionError: expected [(1) Record Found] but found [(62) Records Found]
	at org.testng.Assert.fail(Assert.java:94)
	at org.testng.Assert.failNotEquals(Assert.java:496)
	at org.testng.Assert.assertEquals(Assert.java:125)
	at org.testng.Assert.assertEquals(Assert.java:178)
	at org.testng.Assert.assertEquals(Assert.java:188)
	at stepdefinitions.TestOrangeHrmPim_StepDef.user_should_be_able_to_search_newly_added_employee(TestOrangeHrmPim_StepDef.java:52)
	at ?.user should be able to search newly added employee(file:///F:/GitAutomation/MorningBatch1/GitBDDMavenJenkinPageObject/src/test/resources/features/OrangeHrmPIM.feature:12)
</pre></div><a href='#' onClick='toggleBox("stack-trace1891031939", this, "Click to show all stack frames", "Click to hide stack frames")'>Click to show all stack frames</a>
<div class='stack-trace' id='stack-trace1891031939'><pre>java.lang.AssertionError: expected [(1) Record Found] but found [(62) Records Found]
	at org.testng.Assert.fail(Assert.java:94)
	at org.testng.Assert.failNotEquals(Assert.java:496)
	at org.testng.Assert.assertEquals(Assert.java:125)
	at org.testng.Assert.assertEquals(Assert.java:178)
	at org.testng.Assert.assertEquals(Assert.java:188)
	at stepdefinitions.TestOrangeHrmPim_StepDef.user_should_be_able_to_search_newly_added_employee(TestOrangeHrmPim_StepDef.java:52)
	at ?.user should be able to search newly added employee(file:///F:/GitAutomation/MorningBatch1/GitBDDMavenJenkinPageObject/src/test/resources/features/OrangeHrmPIM.feature:12)
</pre></div></td>
<td>24</td>
<td>runner.TestRunner@7ae0a9ec</td></tr>
</table><p>
<table width='100%' border='1' class='invocation-passed'>
<tr><td colspan='4' align='center'><b>PASSED TESTS</b></td></tr>
<tr><td><b>Test method</b></td>
<td width="30%"><b>Exception</b></td>
<td width="10%"><b>Time (seconds)</b></td>
<td><b>Instance</b></td>
</tr>
<tr>
<td title='runner.TestRunner.runScenario()'><b>runScenario</b><br>Test class: runner.TestRunner<br>Test method: Runs Cucumber Scenarios<br>Parameters: "Testing actitime login functionality for valid admin manager", "Optional[Testing actitime application]"</td>
<td></td>
<td>15</td>
<td>runner.TestRunner@7ae0a9ec</td></tr>
<tr>
<td title='runner.TestRunner.runScenario()'><b>runScenario</b><br>Test class: runner.TestRunner<br>Test method: Runs Cucumber Scenarios<br>Parameters: "Testing actitime login functionality for invalid admin12 manager", "Optional[Testing actitime application]"</td>
<td></td>
<td>8</td>
<td>runner.TestRunner@7ae0a9ec</td></tr>
<tr>
<td title='runner.TestRunner.runScenario()'><b>runScenario</b><br>Test class: runner.TestRunner<br>Test method: Runs Cucumber Scenarios<br>Parameters: "Testing actitime login functionality for invalid admin manager23", "Optional[Testing actitime application]"</td>
<td></td>
<td>8</td>
<td>runner.TestRunner@7ae0a9ec</td></tr>
<tr>
<td title='runner.TestRunner.runScenario()'><b>runScenario</b><br>Test class: runner.TestRunner<br>Test method: Runs Cucumber Scenarios<br>Parameters: "Search Selenium 4.0 in Google search page", "Optional[Perform Google Search based on requirement]"</td>
<td></td>
<td>15</td>
<td>runner.TestRunner@7ae0a9ec</td></tr>
<tr>
<td title='runner.TestRunner.runScenario()'><b>runScenario</b><br>Test class: runner.TestRunner<br>Test method: Runs Cucumber Scenarios<br>Parameters: "Search selenium interview questions in Google search page", "Optional[Perform Google Search based on requirement]"</td>
<td></td>
<td>10</td>
<td>runner.TestRunner@7ae0a9ec</td></tr>
<tr>
<td title='runner.TestRunner.runScenario()'><b>runScenario</b><br>Test class: runner.TestRunner<br>Test method: Runs Cucumber Scenarios<br>Parameters: "Verify Login page components", "Optional[As user, I want to verify OrangeHRM login page functionaliy]"</td>
<td></td>
<td>7</td>
<td>runner.TestRunner@7ae0a9ec</td></tr>
<tr>
<td title='runner.TestRunner.runScenario()'><b>runScenario</b><br>Test class: runner.TestRunner<br>Test method: Runs Cucumber Scenarios<br>Parameters: "Verify PIM deletion", "Optional[Test PIM functionality of OrangeHRM application]"</td>
<td></td>
<td>22</td>
<td>runner.TestRunner@7ae0a9ec</td></tr>
</table><p>
</body>
</html>