<?xml version="1.0" encoding="UTF-8"?>
<!-- Generated by org.testng.reporters.JUnitReportReporter -->
<testsuite hostname="DESKTOP-LLLGMOJ" failures="2" tests="9" name="runner.TestRunner" time="122.628" errors="0" timestamp="28 May 2023 03:24:34 GMT">
  <testcase classname="runner.TestRunner" name="runScenario" time="8.608"/>
  <testcase classname="runner.TestRunner" name="runScenario" time="7.935"/>
  <testcase classname="runner.TestRunner" name="runScenario" time="22.433"/>
  <testcase classname="runner.TestRunner" name="runScenario" time="10.344"/>
  <testcase classname="runner.TestRunner" name="runScenario" time="24.013">
    <failure message="expected [(1) Record Found] but found [(62) Records Found]" type="java.lang.AssertionError">
      <![CDATA[java.lang.AssertionError: expected [(1) Record Found] but found [(62) Records Found]
	at org.testng.Assert.fail(Assert.java:94)
	at org.testng.Assert.failNotEquals(Assert.java:496)
	at org.testng.Assert.assertEquals(Assert.java:125)
	at org.testng.Assert.assertEquals(Assert.java:178)
	at org.testng.Assert.assertEquals(Assert.java:188)
	at stepdefinitions.TestOrangeHrmPim_StepDef.user_should_be_able_to_search_newly_added_employee(TestOrangeHrmPim_StepDef.java:52)
	at ✽.user should be able to search newly added employee(file:///F:/GitAutomation/MorningBatch1/GitBDDMavenJenkinPageObject/src/test/resources/features/OrangeHrmPIM.feature:12)
]]>
    </failure>
  </testcase> <!-- runScenario -->
  <testcase classname="runner.TestRunner" name="runScenario" time="8.978"/>
  <testcase classname="runner.TestRunner" name="runScenario" time="15.074"/>
  <testcase classname="runner.TestRunner" name="runScenario" time="15.787"/>
  <testcase classname="runner.TestRunner" name="runScenario" time="9.456">
    <failure message="expected [Selenium 3.5 - Google Search] but found [Selenium 3.0 - Google Search]" type="java.lang.AssertionError">
      <![CDATA[java.lang.AssertionError: expected [Selenium 3.5 - Google Search] but found [Selenium 3.0 - Google Search]
	at org.testng.Assert.fail(Assert.java:94)
	at org.testng.Assert.failNotEquals(Assert.java:496)
	at org.testng.Assert.assertEquals(Assert.java:125)
	at org.testng.Assert.assertEquals(Assert.java:178)
	at org.testng.Assert.assertEquals(Assert.java:188)
	at stepdefinitions.TestGoogleSearch_StepDef.user_reached_to_search_result_page_with_the_title(TestGoogleSearch_StepDef.java:34)
	at ✽.user reached to search result page with the title Selenium 3.5 - Google Search(file:///F:/GitAutomation/MorningBatch1/GitBDDMavenJenkinPageObject/src/test/resources/features/GoogleSearch.feature:6)
]]>
    </failure>
  </testcase> <!-- runScenario -->
</testsuite> <!-- runner.TestRunner -->
